#
# There is insufficient memory for the Java Runtime Environment to continue.
# Native memory allocation (mmap) failed to map 65536 bytes for Failed to commit area from 0x000001db8f1f0000 to 0x000001db8f200000 of length 65536.
# Possible reasons:
#   The system is out of physical RAM or swap space
#   The process is running with CompressedOops enabled, and the Java Heap may be blocking the growth of the native heap
# Possible solutions:
#   Reduce memory load on the system
#   Increase physical memory or swap space
#   Check if swap backing store is full
#   Decrease Java heap size (-Xmx/-Xms)
#   Decrease number of Java threads
#   Decrease Java thread stack sizes (-Xss)
#   Set larger code cache with -XX:ReservedCodeCacheSize=
# This output file may be truncated or incomplete.
#
#  Out of Memory Error (./open/src/hotspot/os/windows/os_windows.cpp:3287), pid=21520, tid=20968
#
# JRE version:  (11.0.15.1+2) (build )
# Java VM: Java HotSpot(TM) 64-Bit Server VM (11.0.15.1+2-LTS-10, mixed mode, sharing, tiered, compressed oops, g1 gc, windows-amd64)
# No core dump will be written. Minidumps are not enabled by default on client versions of Windows
#

---------------  S U M M A R Y ------------

Command Line: -agentlib:jdwp=transport=dt_socket,address=127.0.0.1:49803,suspend=y,server=n -Dvisualvm.id=8906973909200 -XX:TieredStopAtLevel=1 -Xverify:none -Dspring.output.ansi.enabled=always -Dcom.sun.management.jmxremote -Dspring.jmx.enabled=true -Dspring.liveBeansView.mbeanDomain -Dspring.application.admin.enabled=true -Dmanagement.endpoints.jmx.exposure.include=* -javaagent:C:\Users\93752\AppData\Local\JetBrains\IntelliJIdea2023.2\captureAgent\debugger-agent.jar=file:/C:/Users/93752/AppData/Local/Temp/capture.props -Dfile.encoding=UTF-8 com.jzo2o.customer.CustomerApplicaiton

Host: Intel(R) Core(TM) i7-8750H CPU @ 2.20GHz, 12 cores, 31G,  Windows 11 , 64 bit Build 22000 (10.0.22000.2538)
Time: Sat Jun 29 12:15:22 2024 中国标准时间 elapsed time: 0.052300 seconds (0d 0h 0m 0s)

---------------  T H R E A D  ---------------

Current thread (0x000001dbf361b000):  JavaThread "Unknown thread" [_thread_in_vm, id=20968, stack(0x000000b3aa100000,0x000000b3aa200000)]

Stack: [0x000000b3aa100000,0x000000b3aa200000]
Native frames: (J=compiled Java code, j=interpreted, Vv=VM code, C=native code)
V  [jvm.dll+0x629d8a]
V  [jvm.dll+0x7638ff]
V  [jvm.dll+0x764fa9]
V  [jvm.dll+0x765633]
V  [jvm.dll+0x23d9c8]
V  [jvm.dll+0x6270aa]
V  [jvm.dll+0x61be35]
V  [jvm.dll+0x2f27dc]
V  [jvm.dll+0x2f2662]
V  [jvm.dll+0x2f74a0]
V  [jvm.dll+0x339da2]
V  [jvm.dll+0x3397c0]
V  [jvm.dll+0x2cfdf8]
V  [jvm.dll+0x2d0f66]
V  [jvm.dll+0x73df07]
V  [jvm.dll+0x73f79f]
V  [jvm.dll+0x346ab9]
V  [jvm.dll+0x723810]
V  [jvm.dll+0x3b56cf]
V  [jvm.dll+0x3b77e1]
C  [jli.dll+0x5207]
C  [ucrtbase.dll+0x26c0c]
C  [KERNEL32.DLL+0x153e0]
C  [ntdll.dll+0x485b]


---------------  P R O C E S S  ---------------

Threads class SMR info:
_java_thread_list=0x000001dbf1a70130, length=0, elements={
}

Java Threads: ( => current thread )

Other Threads:
  0x000001dbf3632800 GCTaskThread "GC Thread#0" [stack: 0x000000b3aa200000,0x000000b3aa300000] [id=12000]
  0x000001dbfedf8800 ConcurrentGCThread "G1 Main Marker" [stack: 0x000000b3aa300000,0x000000b3aa400000] [id=24448]
  0x000001dbf36ab000 ConcurrentGCThread "G1 Conc#0" [stack: 0x000000b3aa400000,0x000000b3aa500000] [id=23660]

[error occurred during error reporting (printing all threads), id 0xc0000005, EXCEPTION_ACCESS_VIOLATION (0xc0000005) at pc=0x00007ffecf1bf087]

VM state:not at safepoint (not fully initialized)

VM Mutex/Monitor currently owned by a thread:  ([mutex/lock_event])
[0x000001dbf36189a0] Heap_lock - owner thread: 0x000001dbf361b000

Heap address: 0x0000000601c00000, size: 8164 MB, Compressed Oops mode: Non-zero based: 0x0000000601c00000
Narrow klass base: 0x0000000000000000, Narrow klass shift: 0

GC Heap History (0 events):
No events

Deoptimization events (0 events):
No events

Classes redefined (0 events):
No events

Internal exceptions (0 events):
No events

Events (0 events):
No events


Dynamic libraries:
0x00007ff645170000 - 0x00007ff64517f000 	D:\Software\software_with_code\idea\jdk\jdk-11\bin\java.exe
0x00007fff79260000 - 0x00007fff79469000 	C:\WINDOWS\SYSTEM32\ntdll.dll
0x00007fff77970000 - 0x00007fff77a2d000 	C:\WINDOWS\System32\KERNEL32.DLL
0x00007fff76980000 - 0x00007fff76d04000 	C:\WINDOWS\System32\KERNELBASE.dll
0x00007fff76d10000 - 0x00007fff76e21000 	C:\WINDOWS\System32\ucrtbase.dll
0x00007fff34490000 - 0x00007fff344a5000 	D:\Software\software_with_code\idea\jdk\jdk-11\bin\VCRUNTIME140.dll
0x00007fff3a140000 - 0x00007fff3a158000 	D:\Software\software_with_code\idea\jdk\jdk-11\bin\jli.dll
0x00007fff790f0000 - 0x00007fff7919e000 	C:\WINDOWS\System32\ADVAPI32.dll
0x00007fff78ef0000 - 0x00007fff78f93000 	C:\WINDOWS\System32\msvcrt.dll
0x00007fff78fa0000 - 0x00007fff7903e000 	C:\WINDOWS\System32\sechost.dll
0x00007fff77120000 - 0x00007fff77241000 	C:\WINDOWS\System32\RPCRT4.dll
0x00007fff77390000 - 0x00007fff7753d000 	C:\WINDOWS\System32\USER32.dll
0x00007fff77000000 - 0x00007fff77026000 	C:\WINDOWS\System32\win32u.dll
0x00007fff59d10000 - 0x00007fff59fb5000 	C:\WINDOWS\WinSxS\amd64_microsoft.windows.common-controls_6595b64144ccf1df_6.0.22000.120_none_9d947278b86cc467\COMCTL32.dll
0x00007fff77fd0000 - 0x00007fff77ffa000 	C:\WINDOWS\System32\GDI32.dll
0x00007fff76860000 - 0x00007fff7697e000 	C:\WINDOWS\System32\gdi32full.dll
0x00007fff76f60000 - 0x00007fff76ffd000 	C:\WINDOWS\System32\msvcp_win.dll
0x00007fff761c0000 - 0x00007fff761ca000 	C:\WINDOWS\SYSTEM32\VERSION.dll
0x00007fff77350000 - 0x00007fff77381000 	C:\WINDOWS\System32\IMM32.DLL
0x0000000059770000 - 0x000000005977d000 	C:\Program Files (x86)\360\360Safe\safemon\SafeWrapper.dll
0x00007fff59940000 - 0x00007fff59a43000 	C:\Program Files (x86)\360\360Safe\safemon\libzdtp64.dll
0x00007fff780f0000 - 0x00007fff788b5000 	C:\WINDOWS\System32\SHELL32.dll
0x00007fff770b0000 - 0x00007fff7710d000 	C:\WINDOWS\System32\SHLWAPI.dll
0x00007ffeebaa0000 - 0x00007ffeebb3b000 	D:\Software\software_with_code\idea\jdk\jdk-11\bin\msvcp140.dll
0x00007ffeceee0000 - 0x00007ffecf9f6000 	D:\Software\software_with_code\idea\jdk\jdk-11\bin\server\jvm.dll
0x00007fff77110000 - 0x00007fff77118000 	C:\WINDOWS\System32\PSAPI.DLL
0x00007fff563d0000 - 0x00007fff563d9000 	C:\WINDOWS\SYSTEM32\WSOCK32.dll
0x00007fff77640000 - 0x00007fff776af000 	C:\WINDOWS\System32\WS2_32.dll
0x00007fff6ebf0000 - 0x00007fff6ec23000 	C:\WINDOWS\SYSTEM32\WINMM.dll
0x00007fff756f0000 - 0x00007fff75708000 	C:\WINDOWS\SYSTEM32\kernel.appcore.dll
0x00007fff47570000 - 0x00007fff47580000 	D:\Software\software_with_code\idea\jdk\jdk-11\bin\verify.dll
0x00007fff73ff0000 - 0x00007fff74211000 	C:\WINDOWS\SYSTEM32\DBGHELP.DLL
0x00007fff52180000 - 0x00007fff521b1000 	C:\WINDOWS\SYSTEM32\dbgcore.DLL
0x00007fff77030000 - 0x00007fff770af000 	C:\WINDOWS\System32\bcryptPrimitives.dll
0x00007fff30090000 - 0x00007fff300b8000 	D:\Software\software_with_code\idea\jdk\jdk-11\bin\java.dll
0x00007fff3f530000 - 0x00007fff3f53a000 	D:\Software\software_with_code\idea\jdk\jdk-11\bin\jimage.dll
0x00007fff71c10000 - 0x00007fff71c48000 	D:\Software\software_with_code\idea\jdk\jdk-11\bin\jdwp.dll
0x00007fff726b0000 - 0x00007fff726be000 	D:\Software\software_with_code\idea\jdk\jdk-11\bin\instrument.dll
0x00007fff30050000 - 0x00007fff30066000 	D:\Software\software_with_code\idea\jdk\jdk-11\bin\zip.dll

dbghelp: loaded successfully - version: 4.0.5 - missing functions: none
symbol engine: initialized successfully - sym options: 0x614 - pdb path: .;D:\Software\software_with_code\idea\jdk\jdk-11\bin;C:\WINDOWS\SYSTEM32;C:\WINDOWS\WinSxS\amd64_microsoft.windows.common-controls_6595b64144ccf1df_6.0.22000.120_none_9d947278b86cc467;C:\Program Files (x86)\360\360Safe\safemon;D:\Software\software_with_code\idea\jdk\jdk-11\bin\server

VM Arguments:
jvm_args: -agentlib:jdwp=transport=dt_socket,address=127.0.0.1:49803,suspend=y,server=n -Dvisualvm.id=8906973909200 -XX:TieredStopAtLevel=1 -Xverify:none -Dspring.output.ansi.enabled=always -Dcom.sun.management.jmxremote -Dspring.jmx.enabled=true -Dspring.liveBeansView.mbeanDomain -Dspring.application.admin.enabled=true -Dmanagement.endpoints.jmx.exposure.include=* -javaagent:C:\Users\93752\AppData\Local\JetBrains\IntelliJIdea2023.2\captureAgent\debugger-agent.jar=file:/C:/Users/93752/AppData/Local/Temp/capture.props -Dfile.encoding=UTF-8 
java_command: com.jzo2o.customer.CustomerApplicaiton
java_class_path (initial): D:\Code\JavaCode\YunLan\jzo2o-customer\target\classes;D:\Software\software_with_code\maven\repository\com\alibaba\cloud\spring-cloud-starter-alibaba-nacos-discovery\2021.0.1.0\spring-cloud-starter-alibaba-nacos-discovery-2021.0.1.0.jar;D:\Software\software_with_code\maven\repository\com\alibaba\cloud\spring-cloud-alibaba-commons\2021.0.1.0\spring-cloud-alibaba-commons-2021.0.1.0.jar;D:\Software\software_with_code\maven\repository\com\alibaba\nacos\nacos-client\1.4.2\nacos-client-1.4.2.jar;D:\Software\software_with_code\maven\repository\com\alibaba\nacos\nacos-common\1.4.2\nacos-common-1.4.2.jar;D:\Software\software_with_code\maven\repository\commons-io\commons-io\2.7\commons-io-2.7.jar;D:\Software\software_with_code\maven\repository\org\apache\httpcomponents\httpasyncclient\4.1.5\httpasyncclient-4.1.5.jar;D:\Software\software_with_code\maven\repository\org\apache\httpcomponents\httpcore-nio\4.4.16\httpcore-nio-4.4.16.jar;D:\Software\software_with_code\maven\repository\com\alibaba\nacos\nacos-api\1.4.2\nacos-api-1.4.2.jar;D:\Software\software_with_code\maven\repository\com\google\guava\guava\30.1-jre\guava-30.1-jre.jar;D:\Software\software_with_code\maven\repository\com\google\guava\failureaccess\1.0.1\failureaccess-1.0.1.jar;D:\Software\software_with_code\maven\repository\com\google\guava\listenablefuture\9999.0-empty-to-avoid-conflict-with-guava\listenablefuture-9999.0-empty-to-avoid-conflict-with-guava.jar;D:\Software\software_with_code\maven\repository\com\google\code\findbugs\jsr305\3.0.2\jsr305-3.0.2.jar;D:\Software\software_with_code\maven\repository\org\checkerframework\checker-qual\3.5.0\checker-qual-3.5.0.jar;D:\Software\software_with_code\maven\repository\com\google\errorprone\error_prone_annotations\2.3.4\error_prone_annotations-2.3.4.jar;D:\Software\software_with_code\maven\repository\com\google\j2objc\j2objc-annotations\1.3\j2objc-annotations-1.3.jar;D:\Software\software_with_code\maven\repository\commons-codec\commons-codec
Launcher Type: SUN_STANDARD

[Global flags]
     bool BytecodeVerificationLocal                = false                                     {product} {command line}
     bool BytecodeVerificationRemote               = false                                     {product} {command line}
     intx CICompilerCount                          = 4                                         {product} {ergonomic}
     uint ConcGCThreads                            = 3                                         {product} {ergonomic}
     uint G1ConcRefinementThreads                  = 10                                        {product} {ergonomic}
   size_t G1HeapRegionSize                         = 2097152                                   {product} {ergonomic}
    uintx GCDrainStackTargetSize                   = 64                                        {product} {ergonomic}
   size_t InitialHeapSize                          = 536870912                                 {product} {ergonomic}
     bool ManagementServer                         = true                                      {product} {command line}
   size_t MarkStackSize                            = 4194304                                   {product} {ergonomic}
   size_t MaxHeapSize                              = 8560574464                                {product} {ergonomic}
   size_t MinHeapDeltaBytes                        = 2097152                                   {product} {ergonomic}
    uintx NonNMethodCodeHeapSize                   = 7549744                                {pd product} {ergonomic}
    uintx NonProfiledCodeHeapSize                  = 244108496                              {pd product} {ergonomic}
    uintx ProfiledCodeHeapSize                     = 0                                      {pd product} {ergonomic}
    uintx ReservedCodeCacheSize                    = 251658240                              {pd product} {ergonomic}
     bool SegmentedCodeCache                       = true                                      {product} {ergonomic}
     intx TieredStopAtLevel                        = 1                                         {product} {command line}
     bool UseCompressedClassPointers               = true                                 {lp64_product} {ergonomic}
     bool UseCompressedOops                        = true                                 {lp64_product} {ergonomic}
     bool UseG1GC                                  = true                                      {product} {ergonomic}
     bool UseLargePagesIndividualAllocation        = false                                  {pd product} {ergonomic}

Logging:
Log output configuration:
 #0: stdout all=warning uptime,level,tags
 #1: stderr all=off uptime,level,tags

Environment Variables:
JAVA_HOME=D:\Software\software_with_code\idea\jdk\jdk1.8.0_381
PATH=D:\Software\software_with_code\idea\jdk\jdk-17\bin;D:\Software\software\VisualStudio\VisualStudioIDE\VC\Tools\MSVC\14.37.32822\bin\Hostx64\x64;D:\Software\software_with_chem\chem_draw\chem_draw22_64\ChemScript\Lib;D:\Software\software_with_code\idea\jdk\jdk1.8.0_381\bin;E:\software\visual_computer\VM\VMware\bin\;C:\Program Files (x86)\Common Files\Oracle\Java\javapath;D:\Software\software_with_code\conda\cudaToolkit\development\bin;D:\Software\software_with_code\conda\cudaToolkit\development\libnvvp;D:\Software\software_with_code\python_3_11_4\python\Scripts\;D:\Software\software_with_code\python_3_11_4\python\;C:\WINDOWS\system32;C:\WINDOWS;C:\WINDOWS\System32\Wbem;C:\WINDOWS\System32\WindowsPowerShell\v1.0\;C:\WINDOWS\System32\OpenSSH\;D:\Windows Kits\10\Windows Performance Toolkit\;C:\Program Files (x86)\NVIDIA Corporation\PhysX\Common;C:\Program Files\NVIDIA Corporation\NVIDIA NvDLISR;C:\Program Files\NVIDIA Corporation\NVSMI;C:\Program Files\dotnet\;C:\Program Files\NVIDIA Corporation\Nsight Compute 2023.2.1\;D:\Software\software_with_code\qt\6.5.2\msvc2019_64\bin;D:\Software\software_with_code\qt\Tools\mingw1120_64\bin;C:\Program Files\Microsoft SQL Server\150\Tools\Binn\;C:\Program Files\Microsoft SQL Server\Client SDK\ODBC\170\Tools\Binn\;D:\Software\software_with_code\tesseract_OCR;D:\Software\software_with_code\apache-maven-3.9.5-bin\apache-maven-3.9.5\bin;D:\Software\software_with_code\mysql\install\MySQL Server 8.0\bin;D:\Software\software_with_code\git\Git\cmd;D:\Software\software_with_code\weixin_smallprogram\微信web开发者工具\dll;D:\Software\software_with_chem\wgetwin-1_5_3_1-binary;D:\Software\software_with_chem\autodock\tools;D:\Software\software_with_code\nacos\bin;D:\Software\software_with_code\JMeter\apache-jmeter-5.4.1\bin;D:\Software\software_with_code\nodejs\;D:\Software\software_with_code\nodejs\node_modules;D:\Software\software_with_chem\openBabel\OpenBabel-3.1.1;D:\Software\software_with_code\conda\anaconda;D:\Software\software_with_code\
USERNAME=93752
OS=Windows_NT
PROCESSOR_IDENTIFIER=Intel64 Family 6 Model 158 Stepping 10, GenuineIntel



---------------  S Y S T E M  ---------------

OS: Windows 11 , 64 bit Build 22000 (10.0.22000.2538)

CPU:total 12 (initial active 12) (6 cores per cpu, 2 threads per core) family 6 model 158 stepping 10 microcode 0xde, cmov, cx8, fxsr, mmx, sse, sse2, sse3, ssse3, sse4.1, sse4.2, popcnt, avx, avx2, aes, clmul, erms, 3dnowpref, lzcnt, ht, tsc, tscinvbit, bmi1, bmi2, adx, fma

Memory: 4k page, system-wide physical 32655M (6945M free)
TotalPageFile size 32655M (AvailPageFile size 1M)
current process WorkingSet (physical memory assigned to process): 12M, peak: 12M
current process commit charge ("private bytes"): 578M, peak: 578M

vm_info: Java HotSpot(TM) 64-Bit Server VM (11.0.15.1+2-LTS-10) for windows-amd64 JRE (11.0.15.1+2-LTS-10), built on Apr 25 2022 21:51:57 by "mach5one" with MS VC++ 15.9 (VS2017)

END.
